-------------------------------------------------------------------------------
Test set: TestSuite
-------------------------------------------------------------------------------
Tests run: 2, Failures: 1, Errors: 0, Skipped: 0, Time elapsed: 35.25 s <<< FAILURE! - in TestSuite
secondTestCase(com.assignmentDNB.test.LoginPageTest)  Time elapsed: 3.665 s  <<< FAILURE!
java.lang.AssertionError: expected [true] but found [false]
	at com.assignmentDNB.test.LoginPageTest.secondTestCase(LoginPageTest.java:72)

