<?xml version="1.0" encoding="UTF-8"?>
<!-- Generated by org.testng.reporters.JUnitXMLReporter -->
<testsuite ignored="0" hostname="DESKTOP-C58B4F4" failures="1" tests="2" name="Testing" time="34.296" errors="0" timestamp="2022-03-13T14:38:08 CET">
  <testcase classname="com.assignmentDNB.test.LoginPageTest" name="firstTestCase" time="3.624"/>
  <testcase classname="com.assignmentDNB.test.LoginPageTest" name="secondTestCase" time="4.315">
    <failure type="java.lang.AssertionError" message="expected [true] but found [false]">
      <![CDATA[java.lang.AssertionError: expected [true] but found [false]
at com.assignmentDNB.test.LoginPageTest.secondTestCase(LoginPageTest.java:72)
at java.base/java.util.ArrayList.forEach(ArrayList.java:1511)
... Removed 35 stack frames]]>
    </failure>
  </testcase> <!-- secondTestCase -->
</testsuite> <!-- Testing -->
