<?xml version="1.0" encoding="UTF-8"?>
<testng-results ignored="0" total="2" passed="2" failed="0" skipped="0">
  <reporter-output>
  </reporter-output>
  <suite started-at="2022-03-12T22:57:19 CET" name="Default suite" finished-at="2022-03-12T22:57:37 CET" duration-ms="18040">
    <groups>
    </groups>
    <test started-at="2022-03-12T22:57:19 CET" name="Default test" finished-at="2022-03-12T22:57:37 CET" duration-ms="18040">
      <class name="com.assignmentDNB.test.LoginPageTest">
        <test-method is-config="true" signature="BeforeTest()[pri:0, instance:com.assignmentDNB.test.LoginPageTest@368f2016]" started-at="2022-03-12T22:57:19 CET" name="BeforeTest" finished-at="2022-03-12T22:57:31 CET" duration-ms="12109" status="PASS">
          <reporter-output>
          </reporter-output>
        </test-method> <!-- BeforeTest -->
        <test-method signature="firstTestCase()[pri:0, instance:com.assignmentDNB.test.LoginPageTest@368f2016]" started-at="2022-03-12T22:57:31 CET" name="firstTestCase" finished-at="2022-03-12T22:57:33 CET" duration-ms="2560" status="PASS">
          <reporter-output>
          </reporter-output>
        </test-method> <!-- firstTestCase -->
        <test-method is-config="true" signature="afterMethod(org.testng.ITestResult)[pri:0, instance:com.assignmentDNB.test.LoginPageTest@368f2016]" started-at="2022-03-12T22:57:33 CET" name="afterMethod" finished-at="2022-03-12T22:57:33 CET" duration-ms="1" status="PASS">
          <params>
            <param index="0">
              <value>
                <![CDATA[[TestResult name=firstTestCase status=SUCCESS method=LoginPageTest.firstTestCase()[pri:0, instance:com.assignmentDNB.test.LoginPageTest@368f2016] output={null}]]]>
              </value>
            </param>
          </params>
          <reporter-output>
          </reporter-output>
        </test-method> <!-- afterMethod -->
        <test-method signature="secondTestCase()[pri:0, instance:com.assignmentDNB.test.LoginPageTest@368f2016]" started-at="2022-03-12T22:57:33 CET" name="secondTestCase" finished-at="2022-03-12T22:57:36 CET" duration-ms="3153" status="PASS">
          <reporter-output>
          </reporter-output>
        </test-method> <!-- secondTestCase -->
        <test-method is-config="true" signature="afterMethod(org.testng.ITestResult)[pri:0, instance:com.assignmentDNB.test.LoginPageTest@368f2016]" started-at="2022-03-12T22:57:36 CET" name="afterMethod" finished-at="2022-03-12T22:57:36 CET" duration-ms="0" status="PASS">
          <params>
            <param index="0">
              <value>
                <![CDATA[[TestResult name=secondTestCase status=SUCCESS method=LoginPageTest.secondTestCase()[pri:0, instance:com.assignmentDNB.test.LoginPageTest@368f2016] output={null}]]]>
              </value>
            </param>
          </params>
          <reporter-output>
          </reporter-output>
        </test-method> <!-- afterMethod -->
        <test-method is-config="true" signature="afterTest()[pri:0, instance:com.assignmentDNB.test.LoginPageTest@368f2016]" started-at="2022-03-12T22:57:36 CET" name="afterTest" finished-at="2022-03-12T22:57:37 CET" duration-ms="185" status="PASS">
          <reporter-output>
          </reporter-output>
        </test-method> <!-- afterTest -->
      </class> <!-- com.assignmentDNB.test.LoginPageTest -->
    </test> <!-- Default test -->
  </suite> <!-- Default suite -->
</testng-results>
